TPOSE SEQ NOF2 C:\Users\Nagesh\AppData\Local\Temp\RtmpWYD64z\cspade23d05dac30ba.data 0.100000 100 10 1 F1stats = [ 20 0 0 0.000997 ] 0.006721 0.002994 0.011708
CONF 100 21 3.50673 4.46
MINSUPPORT 10 100
MINMAX 1 100
1 SUPP 51
2 SUPP 53
3 SUPP 55
4 SUPP 53
5 SUPP 49
6 SUPP 53
7 SUPP 44
8 SUPP 57
9 SUPP 53
10 SUPP 50
11 SUPP 51
12 SUPP 49
13 SUPP 56
14 SUPP 55
15 SUPP 46
16 SUPP 66
17 SUPP 58
18 SUPP 58
19 SUPP 49
20 SUPP 54
numfreq 20 :  0.000996828 SUMSUP SUMDIFF = 0 0
EXTRARYSZ 493158
OPENED C:\Users\Nagesh\AppData\Local\Temp\RtmpWYD64z\cspade23d05dac30ba.idx
OFF 21 3128
Wrote Offt 0.00299406
BOUNDS 1 101
WROTE INVERT 0.00672102
Total elapsed time 0.011708
SPADE C:\Users\Nagesh\AppData\Local\Temp\RtmpWYD64z\cspade23d05dac30ba.tpose 0.100000 10 7140 0.008989 0 0 0 0 0 -1 1 10 10 : 20 507 107 0 : 0.000998 0.000996 0.011979 0.013973
TPOSE SEQ NOF2 C:\Users\Nagesh\AppData\Local\Temp\RtmpWYD64z\cspade23d070c113a4.data 0.100000 100 10 1 F1stats = [ 20 0 0 0.000000 ] 0.006980 0.001996 0.010959
CONF 100 21 3.50673 4.46
MINSUPPORT 10 100
MINMAX 1 100
1 SUPP 51
2 SUPP 53
3 SUPP 55
4 SUPP 53
5 SUPP 49
6 SUPP 53
7 SUPP 44
8 SUPP 57
9 SUPP 53
10 SUPP 50
11 SUPP 51
12 SUPP 49
13 SUPP 56
14 SUPP 55
15 SUPP 46
16 SUPP 66
17 SUPP 58
18 SUPP 58
19 SUPP 49
20 SUPP 54
numfreq 20 :  0 SUMSUP SUMDIFF = 0 0
EXTRARYSZ 493158
OPENED C:\Users\Nagesh\AppData\Local\Temp\RtmpWYD64z\cspade23d070c113a4.idx
OFF 21 3128
Wrote Offt 0.00199604
BOUNDS 1 101
WROTE INVERT 0.00697994
Total elapsed time 0.0109591
SPADE C:\Users\Nagesh\AppData\Local\Temp\RtmpWYD64z\cspade23d070c113a4.tpose 0.100000 10 7140 0.012028 0 0 0 0 0 -1 1 10 10 : 20 507 107 0 : 0.000000 0.000995 0.015072 0.017064
TPOSE SEQ NOF2 C:\Users\Nagesh\AppData\Local\Temp\RtmpWYD64z\cspade23d0532d7c0e.data 0.100000 100 10 1 F1stats = [ 20 0 0 0.000000 ] 0.006983 0.002028 0.010011
CONF 100 21 3.50673 4.46
MINSUPPORT 10 100
MINMAX 1 100
1 SUPP 51
2 SUPP 53
3 SUPP 55
4 SUPP 53
5 SUPP 49
6 SUPP 53
7 SUPP 44
8 SUPP 57
9 SUPP 53
10 SUPP 50
11 SUPP 51
12 SUPP 49
13 SUPP 56
14 SUPP 55
15 SUPP 46
16 SUPP 66
17 SUPP 58
18 SUPP 58
19 SUPP 49
20 SUPP 54
numfreq 20 :  0 SUMSUP SUMDIFF = 0 0
EXTRARYSZ 493158
OPENED C:\Users\Nagesh\AppData\Local\Temp\RtmpWYD64z\cspade23d0532d7c0e.idx
OFF 21 3128
Wrote Offt 0.00202799
BOUNDS 1 101
WROTE INVERT 0.00698304
Total elapsed time 0.010011
SPADE C:\Users\Nagesh\AppData\Local\Temp\RtmpWYD64z\cspade23d0532d7c0e.tpose 0.100000 10 7140 0.023084 0 0 0 0 0 -1 1 10 10 : 20 507 107 0 : 0.000000 0.000997 0.030082 0.032080
